<?xml version="1.0" encoding="UTF-8"?>
<!-- Generated by org.testng.reporters.JUnitReportReporter -->
<testsuite skipped="0" hostname="DESKTOP-VINC94V" name="com.reqres.in.End2End" tests="5" failures="0" timestamp="2020-07-13T15:01:31 IST" time="8.916" errors="0">
  <testcase name="testPost" time="1.317" classname="com.reqres.in.End2End"/>
  <system-out/>
  <testcase name="testDelete" time="3.735" classname="com.reqres.in.End2End"/>
  <system-out/>
  <testcase name="testPatch" time="0.981" classname="com.reqres.in.End2End"/>
  <system-out/>
  <testcase name="testGet" time="1.957" classname="com.reqres.in.End2End"/>
  <system-out/>
  <testcase name="testPut" time="0.926" classname="com.reqres.in.End2End"/>
  <system-out/>
</testsuite> <!-- com.reqres.in.End2End -->
