<?xml version="1.0" encoding="UTF-8"?>
<!-- Generated by org.testng.reporters.JUnitReportReporter -->
<testsuite hostname="ADTLPTH64913" failures="0" tests="1" name="com.reqres.in.ChatBot_Post_requestGWT" time="4.352" errors="0" timestamp="2020-10-07T11:49:45 IST" skipped="0">
  <testcase classname="com.reqres.in.ChatBot_Post_requestGWT" name="testPost" time="4.352"/>
  <system-out/>
</testsuite> <!-- com.reqres.in.ChatBot_Post_requestGWT -->
