<?xml version="1.0" encoding="UTF-8"?>
<!-- Generated by org.testng.reporters.JUnitReportReporter -->
<testsuite hostname="ADTLPTH64913" failures="0" tests="1" name="com.api.automation.ChatBot_Post" time="3.955" errors="0" timestamp="2020-10-15T13:22:08 IST" skipped="0">
  <testcase classname="com.api.automation.ChatBot_Post" name="testPostData" time="3.955"/>
  <system-out/>
</testsuite> <!-- com.api.automation.ChatBot_Post -->
