<?xml version="1.0" encoding="UTF-8"?>
<!-- Generated by org.testng.reporters.JUnitReportReporter -->
<testsuite hostname="ADTLPTH64913" failures="0" tests="1" name="RaghavPalMethod.ChatBot_Raghav" time="0.000" errors="0" timestamp="2020-10-17T19:40:06 IST" skipped="1">
  <testcase classname="RaghavPalMethod.ChatBot_Raghav" name="test1" time="0.000">
    <skipped/>
  </testcase> <!-- test1 -->
  <system-out/>
</testsuite> <!-- RaghavPalMethod.ChatBot_Raghav -->
