<?xml version="1.0" encoding="UTF-8"?>
<!-- Generated by org.testng.reporters.JUnitReportReporter -->
<testsuite skipped="0" hostname="DESKTOP-VINC94V" name="com.reqres.in.Delete_request" tests="1" failures="0" timestamp="2020-07-12T12:05:37 IST" time="3.106" errors="0">
  <testcase name="test_4_delete" time="3.106" classname="com.reqres.in.Delete_request"/>
  <system-out/>
</testsuite> <!-- com.reqres.in.Delete_request -->
