<?xml version="1.0" encoding="UTF-8"?>
<!-- Generated by org.testng.reporters.JUnitReportReporter -->
<testsuite skipped="0" hostname="DESKTOP-VINC94V" name="com.reqres.in.Get_request" tests="1" failures="0" timestamp="2020-07-12T12:25:09 IST" time="4.029" errors="0">
  <testcase name="test_02" time="4.029" classname="com.reqres.in.Get_request"/>
  <system-out/>
</testsuite> <!-- com.reqres.in.Get_request -->
