<?xml version="1.0" encoding="UTF-8"?>
<!-- Generated by org.testng.reporters.JUnitReportReporter -->
<testsuite hostname="ADTLPTH64913" failures="0" tests="1" name="com.reqres.in.ChatBot_Post" time="3.918" errors="0" timestamp="2020-10-07T11:50:42 IST" skipped="0">
  <testcase classname="com.reqres.in.ChatBot_Post" name="testPostData" time="3.918"/>
  <system-out/>
</testsuite> <!-- com.reqres.in.ChatBot_Post -->
