<?xml version="1.0" encoding="UTF-8"?>
<!-- Generated by org.testng.reporters.JUnitReportReporter -->
<testsuite hostname="ADTLPTH64913" failures="0" tests="11" name="com.api.automation.DD.Auth2.PMI_chatBot_response" time="29.282" errors="0" timestamp="2020-11-03T13:29:53 IST" skipped="0">
  <testcase classname="com.api.automation.DD.Auth2.PMI_chatBot_response" name="testPostData" time="2.373"/>
  <system-out/>
  <testcase classname="com.api.automation.DD.Auth2.PMI_chatBot_response" name="testPostData" time="2.567"/>
  <system-out/>
  <testcase classname="com.api.automation.DD.Auth2.PMI_chatBot_response" name="testPostData" time="2.319"/>
  <system-out/>
  <testcase classname="com.api.automation.DD.Auth2.PMI_chatBot_response" name="testPostData" time="2.460"/>
  <system-out/>
  <testcase classname="com.api.automation.DD.Auth2.PMI_chatBot_response" name="testPostData" time="2.443"/>
  <system-out/>
  <testcase classname="com.api.automation.DD.Auth2.PMI_chatBot_response" name="testPostData" time="5.060"/>
  <system-out/>
  <testcase classname="com.api.automation.DD.Auth2.PMI_chatBot_response" name="testPostData" time="2.545"/>
  <system-out/>
  <testcase classname="com.api.automation.DD.Auth2.PMI_chatBot_response" name="testPostData" time="2.558"/>
  <system-out/>
  <testcase classname="com.api.automation.DD.Auth2.PMI_chatBot_response" name="testPostData" time="2.348"/>
  <system-out/>
  <testcase classname="com.api.automation.DD.Auth2.PMI_chatBot_response" name="testPostData" time="2.346"/>
  <system-out/>
  <testcase classname="com.api.automation.DD.Auth2.PMI_chatBot_response" name="testPostData" time="2.263"/>
  <system-out/>
</testsuite> <!-- com.api.automation.DD.Auth2.PMI_chatBot_response -->
