<?xml version="1.0" encoding="UTF-8"?>
<!-- Generated by org.testng.reporters.JUnitReportReporter -->
<testsuite hostname="ADTLPTH64913" failures="0" tests="2" name="com.api.automationDD.PMI_chatBot_response" time="8.555" errors="0" timestamp="2020-10-17T21:11:17 IST" skipped="0">
  <testcase classname="com.api.automationDD.PMI_chatBot_response" name="testPostData" time="2.227"/>
  <system-out/>
  <testcase classname="com.api.automationDD.PMI_chatBot_response" name="testPostData" time="6.328"/>
  <system-out/>
</testsuite> <!-- com.api.automationDD.PMI_chatBot_response -->
