<?xml version="1.0" encoding="UTF-8"?>
<!-- Generated by org.testng.reporters.JUnitReportReporter -->
<testsuite skipped="0" hostname="DESKTOP-VINC94V" name="com.api.automation.GET_request" tests="1" failures="0" timestamp="2020-07-08T17:58:01 IST" time="2.969" errors="0">
  <testcase name="testGET" time="2.969" classname="com.api.automation.GET_request"/>
  <system-out/>
</testsuite> <!-- com.api.automation.GET_request -->
