<?xml version="1.0" encoding="UTF-8"?>
<!-- Generated by org.testng.reporters.JUnitReportReporter -->
<testsuite skipped="0" hostname="DESKTOP-VINC94V" name="com.reqres.in.Put_request" tests="1" failures="0" timestamp="2020-07-12T12:16:32 IST" time="3.116" errors="0">
  <testcase name="test_2_put" time="3.116" classname="com.reqres.in.Put_request"/>
  <system-out/>
</testsuite> <!-- com.reqres.in.Put_request -->
