<?xml version="1.0" encoding="UTF-8"?>
<!-- Generated by org.testng.reporters.JUnitReportReporter -->
<testsuite skipped="0" hostname="DESKTOP-VINC94V" name="com.reqres.in.Patch_request" tests="1" failures="0" timestamp="2020-07-12T12:12:29 IST" time="3.274" errors="0">
  <testcase name="test_3_patch" time="3.274" classname="com.reqres.in.Patch_request"/>
  <system-out/>
</testsuite> <!-- com.reqres.in.Patch_request -->
