<?xml version="1.0" encoding="UTF-8"?>
<!-- Generated by org.testng.reporters.JUnitReportReporter -->
<testsuite skipped="0" hostname="DESKTOP-VINC94V" name="com.api.automation.DELETE_request" tests="1" failures="0" timestamp="2020-07-09T05:28:31 IST" time="2.058" errors="0">
  <testcase name="deleteRecord" time="2.058" classname="com.api.automation.DELETE_request"/>
  <system-out/>
</testsuite> <!-- com.api.automation.DELETE_request -->
